2025-11-04 14:53:48,146:INFO: Loading datasets...
2025-11-04 14:53:48,473:INFO: - Done loading data.
2025-11-04 14:53:55,565:INFO: Starting training for 10 epochs
2025-11-04 14:53:55,565:INFO: Epoch 1/10
2025-11-04 14:58:10,266:INFO: Loading datasets...
2025-11-04 14:58:10,608:INFO: - Done loading data.
2025-11-04 14:58:11,757:INFO: Starting training for 10 epochs
2025-11-04 14:58:11,757:INFO: Epoch 1/10
2025-11-08 18:15:21,487:INFO: Loading datasets...
2025-11-08 18:15:21,795:INFO: - Done loading data.
2025-11-08 18:15:26,228:INFO: Starting training for 10 epochs
2025-11-08 18:15:26,228:INFO: Epoch 1/10
2025-11-08 18:18:40,454:INFO: - Validation loss: 12609336.7447
2025-11-08 18:18:40,510:INFO: - Found new best model (val_loss=12609336.7447)
2025-11-08 18:24:41,082:INFO: Loading datasets...
2025-11-08 18:24:41,358:INFO: - Done loading data.
2025-11-08 18:24:42,493:INFO: Starting training for 10 epochs
2025-11-08 18:24:42,493:INFO: Epoch 1/10
2025-11-08 18:27:19,216:INFO: - Validation loss: 11918621.5532
2025-11-08 18:34:56,551:INFO: Loading datasets...
2025-11-08 18:34:56,836:INFO: - Done loading data.
2025-11-08 18:34:57,626:INFO: Starting training for 10 epochs
2025-11-08 18:34:57,627:INFO: Epoch 1/10
2025-11-08 18:39:34,976:INFO: - Validation loss: 12679974.0000
2025-11-08 18:39:35,008:INFO: - Found new best model (val_loss=12679974.0000)
2025-11-08 18:39:35,010:INFO: Epoch 2/10
2025-11-08 18:42:15,137:INFO: - Validation loss: 11598854.6170
2025-11-08 18:42:15,162:INFO: - Found new best model (val_loss=11598854.6170)
2025-11-08 18:42:15,164:INFO: Epoch 3/10
2025-11-08 18:45:08,334:INFO: - Validation loss: 12192491.6383
2025-11-08 18:45:08,367:INFO: Epoch 4/10
2025-11-08 18:48:26,426:INFO: - Validation loss: 11128532.3191
2025-11-08 18:48:26,466:INFO: - Found new best model (val_loss=11128532.3191)
2025-11-08 18:48:26,469:INFO: Epoch 5/10
2025-11-08 18:52:33,731:INFO: - Validation loss: 10060672.7553
2025-11-08 18:52:33,760:INFO: - Found new best model (val_loss=10060672.7553)
2025-11-08 18:52:33,762:INFO: Epoch 6/10
2025-11-08 18:56:44,067:INFO: - Validation loss: 10678477.0745
2025-11-08 18:56:44,097:INFO: Epoch 7/10
2025-11-08 19:00:54,173:INFO: - Validation loss: 9658945.0638
2025-11-08 19:00:54,200:INFO: - Found new best model (val_loss=9658945.0638)
2025-11-08 19:00:54,202:INFO: Epoch 8/10
2025-11-08 19:05:02,065:INFO: - Validation loss: 9131350.5426
2025-11-08 19:05:02,093:INFO: - Found new best model (val_loss=9131350.5426)
2025-11-08 19:05:02,095:INFO: Epoch 9/10
2025-11-08 19:09:10,955:INFO: - Validation loss: 10270459.2128
2025-11-08 19:09:11,002:INFO: Epoch 10/10
2025-11-08 19:13:19,875:INFO: - Validation loss: 8980878.0213
2025-11-08 19:13:19,905:INFO: - Found new best model (val_loss=8980878.0213)
2025-11-08 19:13:19,908:INFO: Training complete!
